The system is: Windows - 10.0.18362 - AMD64
Compiling the C compiler identification source file "CMakeCCompilerId.c" succeeded.
Compiler: C:/Program Files (x86)/Microsoft Visual Studio/2019/Community/VC/Tools/MSVC/14.22.27905/bin/Hostx86/x86/cl.exe 
Build flags: 
Id flags:  

The output was:
0
Microsoft (R) C/C++ Optimizing Compiler Version 19.22.27905 for x86
Copyright (C) Microsoft Corporation.  All rights reserved.

CMakeCCompilerId.c
Microsoft (R) Incremental Linker Version 14.22.27905.0
Copyright (C) Microsoft Corporation.  All rights reserved.

/out:CMakeCCompilerId.exe 
CMakeCCompilerId.obj 


Compilation of the C compiler identification source "CMakeCCompilerId.c" produced "CMakeCCompilerId.exe"

Compilation of the C compiler identification source "CMakeCCompilerId.c" produced "CMakeCCompilerId.obj"

The C compiler identification is MSVC, found in "C:/Users/admin/CLionProjects/marks/cmake-build-debug/CMakeFiles/3.14.5/CompilerIdC/CMakeCCompilerId.exe"

Determining if the C compiler works passed with the following output:
Change Dir: C:/Users/admin/CLionProjects/marks/cmake-build-debug/CMakeFiles/CMakeTmp

Run Build Command(s):nmake /nologo cmTC_c4a78\fast 
	"C:\Program Files (x86)\Microsoft Visual Studio\2019\Community\VC\Tools\MSVC\14.22.27905\bin\HostX86\x86\nmake.exe" -f CMakeFiles\cmTC_c4a78.dir\build.make /nologo -L                  CMakeFiles\cmTC_c4a78.dir\build
Building C object CMakeFiles/cmTC_c4a78.dir/testCCompiler.c.obj
	"C:\PROGRA~2\Microsoft Visual Studio\2019\Community\VC\Tools\MSVC\14.22.27905\bin\Hostx86\x86\cl.exe" @C:\Users\admin\AppData\Local\Temp\nm881D.tmp
testCCompiler.c
Linking C executable cmTC_c4a78.exe
	C:\Users\admin\AppData\Local\JetBrains\Toolbox\apps\CLion\ch-0\192.6262.62\bin\cmake\win\bin\cmake.exe -E vs_link_exe --intdir=CMakeFiles\cmTC_c4a78.dir --rc="C:\PROGRA~2\Windows Kits\10\bin\10.0.18362.0\x86\rc.exe" --mt="C:\PROGRA~2\Windows Kits\10\bin\10.0.18362.0\x86\mt.exe" --manifests  -- "C:\PROGRA~2\Microsoft Visual Studio\2019\Community\VC\Tools\MSVC\14.22.27905\bin\Hostx86\x86\link.exe" /nologo @CMakeFiles\cmTC_c4a78.dir\objects1.rsp @C:\Users\admin\AppData\Local\Temp\nm955C.tmp


Detecting C compiler ABI info compiled with the following output:
Change Dir: C:/Users/admin/CLionProjects/marks/cmake-build-debug/CMakeFiles/CMakeTmp

Run Build Command(s):nmake /nologo cmTC_3d86c\fast 
	"C:\Program Files (x86)\Microsoft Visual Studio\2019\Community\VC\Tools\MSVC\14.22.27905\bin\HostX86\x86\nmake.exe" -f CMakeFiles\cmTC_3d86c.dir\build.make /nologo -L                  CMakeFiles\cmTC_3d86c.dir\build
Building C object CMakeFiles/cmTC_3d86c.dir/CMakeCCompilerABI.c.obj
	"C:\PROGRA~2\Microsoft Visual Studio\2019\Community\VC\Tools\MSVC\14.22.27905\bin\Hostx86\x86\cl.exe" @C:\Users\admin\AppData\Local\Temp\nmCA17.tmp
CMakeCCompilerABI.c
Linking C executable cmTC_3d86c.exe
	C:\Users\admin\AppData\Local\JetBrains\Toolbox\apps\CLion\ch-0\192.6262.62\bin\cmake\win\bin\cmake.exe -E vs_link_exe --intdir=CMakeFiles\cmTC_3d86c.dir --rc="C:\PROGRA~2\Windows Kits\10\bin\10.0.18362.0\x86\rc.exe" --mt="C:\PROGRA~2\Windows Kits\10\bin\10.0.18362.0\x86\mt.exe" --manifests  -- "C:\PROGRA~2\Microsoft Visual Studio\2019\Community\VC\Tools\MSVC\14.22.27905\bin\Hostx86\x86\link.exe" /nologo @CMakeFiles\cmTC_3d86c.dir\objects1.rsp @C:\Users\admin\AppData\Local\Temp\nmD67C.tmp




Detecting C [] compiler features compiled with the following output:
Change Dir: C:/Users/admin/CLionProjects/marks/cmake-build-debug/CMakeFiles/CMakeTmp

Run Build Command(s):nmake /nologo cmTC_6903e\fast 
	"C:\Program Files (x86)\Microsoft Visual Studio\2019\Community\VC\Tools\MSVC\14.22.27905\bin\HostX86\x86\nmake.exe" -f CMakeFiles\cmTC_6903e.dir\build.make /nologo -L                  CMakeFiles\cmTC_6903e.dir\build
Building C object CMakeFiles/cmTC_6903e.dir/feature_tests.c.obj
	"C:\PROGRA~2\Microsoft Visual Studio\2019\Community\VC\Tools\MSVC\14.22.27905\bin\Hostx86\x86\cl.exe" @C:\Users\admin\AppData\Local\Temp\nmEC36.tmp
feature_tests.c
Linking C executable cmTC_6903e.exe
	C:\Users\admin\AppData\Local\JetBrains\Toolbox\apps\CLion\ch-0\192.6262.62\bin\cmake\win\bin\cmake.exe -E vs_link_exe --intdir=CMakeFiles\cmTC_6903e.dir --rc="C:\PROGRA~2\Windows Kits\10\bin\10.0.18362.0\x86\rc.exe" --mt="C:\PROGRA~2\Windows Kits\10\bin\10.0.18362.0\x86\mt.exe" --manifests  -- "C:\PROGRA~2\Microsoft Visual Studio\2019\Community\VC\Tools\MSVC\14.22.27905\bin\Hostx86\x86\link.exe" /nologo @CMakeFiles\cmTC_6903e.dir\objects1.rsp @C:\Users\admin\AppData\Local\Temp\nmED31.tmp


    Feature record: C_FEATURE:1c_function_prototypes
    Feature record: C_FEATURE:1c_variadic_macros
